2025-03-04 18:23:00,653 - Файл: test/test2.txt
2025-03-04 18:23:00,657 - Файл: test/test3.txt
2025-03-04 18:23:00,658 - Файл: test/123.dll
2025-03-04 18:23:00,658 - Найдена фраза: faculty fog movie eyebrow venue carry page culture lobster athlete
2025-03-04 18:23:00,658 - Найдена фраза: excuse practic> cargo marine tri@ wealth library cree# sample final
2025-03-04 18:23:00,663 - Найдена фраза: excuse practic> cargo marine tri@ wealth library cree# sample final
2025-03-04 18:23:00,680 - Файл: test/test.txt
2025-03-04 18:23:00,680 - Найдена фраза: faculty fog movie eyebrow venue carry page culture lobster athlete middle
2025-03-04 18:23:00,680 - Найдена фраза: excuse practic> cargo marine tri@ wealth library cree# sample final hobb$
2025-03-04 18:23:00,681 - Найдена фраза: excuse practic> cargo marine tri@ wealth library cree# sample final hobb$
2025-03-04 18:23:00,681 - Найдена фраза: excus$ prac4ice -argo 9arine tr&m wea{th librЪry cre.k sa:ple fina4
2025-03-04 18:23:00,681 - Найдена фраза: fiber faculty fog movie eyebrow venue carry page culture lobster
2025-03-04 18:23:00,681 - Найдена фраза: practic> cargo marine tri@ wealth library cree# sample final hobb$
2025-03-04 18:23:00,681 - Найдена фраза: practic> cargo marine tri@ wealth library cree# sample final hobb$
2025-03-04 18:23:00,681 - Найдена фраза: excus$ prac4ice -argo 9arine tr&m wea{th librЪry cre.k sa:ple fina4 hobb$
2025-03-04 18:23:00,681 - Найдена фраза: fiber faculty fog movie eyebrow venue carry page culture lobster athlete
2025-03-04 18:23:00,681 - Найдена фраза: wheel excuse practic> cargo marine tri@ wealth library cree# sample
2025-03-04 18:23:00,681 - Найдена фраза: wheel excuse practic> cargo marine tri@ wealth library cree# sample
2025-03-04 18:23:00,681 - Найдена фраза: excus$ prac4ice argo 9arine tr&m wea{th librЪry cre.k sa:ple fina4
2025-03-04 18:23:00,681 - Найдена фраза: fiber faculty fog movie eyebrow venue carry page culture lobster athlete middle
2025-03-04 18:23:00,681 - Найдена фраза: wheel excuse practic> cargo marine tri@ wealth library cree# sample final
2025-03-04 18:23:00,682 - Найдена фраза: wheel excuse practic> cargo marine tri@ wealth library cree# sample final
2025-03-04 18:23:00,682 - Найдена фраза: excus$ prac4ice argo 9arine tr&m wea{th librЪry cre.k sa:ple fina4 hobb$
2025-03-04 18:23:00,682 - Найдена фраза: fog movie eyebrow venue carry page culture lobster athlete middle
2025-03-04 18:23:00,682 - Найдена фраза: wheel excuse practic> cargo marine tri@ wealth library cree# sample final hobb$
2025-03-04 18:23:00,682 - Найдена фраза: wheel excuse practic> cargo marine tri@ wealth library cree# sample final hobb$
2025-03-04 18:23:00,682 - Найдена фраза: prac4ice -argo 9arine tr&m wea{th librЪry cre.k sa:ple fina4 hobb$
2025-03-04 18:23:00,682 - Найдена фраза: prac4ice argo 9arine tr&m wea{th librЪry cre.k sa:ple fina4 hobb$
2025-03-04 18:23:00,682 - Найдена фраза: whee) excus$ prac4ice -argo 9arine tr&m wea{th librЪry cre.k sa:ple
2025-03-04 18:23:00,682 - Найдена фраза: whee) excus$ prac4ice -argo 9arine tr&m wea{th librЪry cre.k sa:ple fina4
2025-03-04 18:23:00,683 - Найдена фраза: whee) excus$ prac4ice -argo 9arine tr&m wea{th librЪry cre.k sa:ple fina4 hobb$
2025-03-04 18:23:00,683 - Найдена фраза: whee) excus$ prac4ice argo 9arine tr&m wea{th librЪry cre.k sa:ple
2025-03-04 18:23:00,683 - Найдена фраза: whee) excus$ prac4ice argo 9arine tr&m wea{th librЪry cre.k sa:ple fina4
2025-03-04 18:23:00,683 - Найдена фраза: whee) excus$ prac4ice argo 9arine tr&m wea{th librЪry cre.k sa:ple fina4 hobb$
